c:\users\kirzig\desktop\ss_2019\cg\praktikum\loesungp1\aufgabe_1_2\x64\debug\vc140.pdb
c:\users\kirzig\desktop\ss_2019\cg\praktikum\loesungp1\aufgabe_1_2\x64\debug\vc140.idb
c:\users\kirzig\desktop\ss_2019\cg\praktikum\loesungp1\aufgabe_1_2\x64\debug\glslprogram.obj
c:\users\kirzig\desktop\ss_2019\cg\praktikum\loesungp1\aufgabe_1_2\x64\debug\main.obj
e:\fh unterlagen\ss_2019\cg\praktikum\p1\aufgabe_1_2\x64\debug\vc140.pdb
e:\fh unterlagen\ss_2019\cg\praktikum\p1\aufgabe_1_2\x64\debug\vc140.idb
e:\fh unterlagen\ss_2019\cg\praktikum\p1\aufgabe_1_2\x64\debug\glslprogram.obj
e:\fh unterlagen\ss_2019\cg\praktikum\p1\aufgabe_1_2\x64\debug\main.obj
c:\users\kirzig\desktop\ss_2019\cg\praktikum\loesungp1\aufgabe_1_2\x64\debug\blatt01.ilk
c:\users\kirzig\desktop\ss_2019\cg\praktikum\loesungp1\aufgabe_1_2\x64\debug\blatt01.exe
c:\users\kirzig\desktop\ss_2019\cg\praktikum\loesungp1\aufgabe_1_2\x64\debug\blatt01.pdb
e:\fh unterlagen\ss_2019\cg\praktikum\p1\aufgabe_1_2\x64\debug\blatt01.ilk
e:\fh unterlagen\ss_2019\cg\praktikum\p1\aufgabe_1_2\x64\debug\blatt01.exe
e:\fh unterlagen\ss_2019\cg\praktikum\p1\aufgabe_1_2\x64\debug\blatt01.pdb
e:\fh unterlagen\ss_2019\cg\praktikum\p1\aufgabe_1_2\x64\debug\blatt01.tlog\cl.command.1.tlog
e:\fh unterlagen\ss_2019\cg\praktikum\p1\aufgabe_1_2\x64\debug\blatt01.tlog\cl.read.1.tlog
e:\fh unterlagen\ss_2019\cg\praktikum\p1\aufgabe_1_2\x64\debug\blatt01.tlog\cl.write.1.tlog
e:\fh unterlagen\ss_2019\cg\praktikum\p1\aufgabe_1_2\x64\debug\blatt01.tlog\link.command.1.tlog
e:\fh unterlagen\ss_2019\cg\praktikum\p1\aufgabe_1_2\x64\debug\blatt01.tlog\link.read.1.tlog
e:\fh unterlagen\ss_2019\cg\praktikum\p1\aufgabe_1_2\x64\debug\blatt01.tlog\link.write.1.tlog
